# JRE version: OpenJDK Runtime Environment (8.0_402-b06) (build 1.8.0_402-b06)
# Java VM: OpenJDK 64-Bit Server VM (25.402-b06 mixed mode windows-amd64 compressed oops)
Heap:
 PSYoungGen      total 287232K, used 21097K [0x0000000743300000, 0x0000000757800000, 0x00000007c0000000)
  eden space 271360K, 7% used [0x0000000743300000,0x000000074479a4e0,0x0000000753c00000)
  from space 15872K, 0% used [0x0000000754b80000,0x0000000754b80000,0x0000000755b00000)
  to   space 15872K, 0% used [0x0000000753c00000,0x0000000753c00000,0x0000000754b80000)
 ParOldGen       total 265728K, used 40197K [0x0000000649800000, 0x0000000659b80000, 0x0000000743300000)
  object space 265728K, 15% used [0x0000000649800000,0x000000064bf41568,0x0000000659b80000)
 Metaspace       used 35765K, capacity 36300K, committed 36528K, reserved 1079296K
  class space    used 5522K, capacity 5692K, committed 5808K, reserved 1048576K
GC Heap History (10 events):
Event: 0.952 GC heap before
{Heap before GC invocations=2 (full 0):
 PSYoungGen      total 112128K, used 65451K [0x0000000743300000, 0x0000000750e00000, 0x00000007c0000000)
  eden space 96256K, 51% used [0x0000000743300000,0x000000074636d6d8,0x0000000749100000)
  from space 15872K, 99% used [0x0000000749100000,0x000000074a07d840,0x000000074a080000)
  to   space 15872K, 0% used [0x000000074fe80000,0x000000074fe80000,0x0000000750e00000)
 ParOldGen       total 257024K, used 2130K [0x0000000649800000, 0x0000000659300000, 0x0000000743300000)
  object space 257024K, 0% used [0x0000000649800000,0x0000000649a14aa0,0x0000000659300000)
 Metaspace       used 20658K, capacity 21190K, committed 21296K, reserved 1067008K
  class space    used 2707K, capacity 2854K, committed 2864K, reserved 1048576K
Event: 0.962 GC heap after
Heap after GC invocations=2 (full 0):
 PSYoungGen      total 208384K, used 15392K [0x0000000743300000, 0x0000000750e00000, 0x00000007c0000000)
  eden space 192512K, 0% used [0x0000000743300000,0x0000000743300000,0x000000074ef00000)
  from space 15872K, 96% used [0x000000074fe80000,0x0000000750d88190,0x0000000750e00000)
  to   space 15872K, 0% used [0x000000074ef00000,0x000000074ef00000,0x000000074fe80000)
 ParOldGen       total 257024K, used 12378K [0x0000000649800000, 0x0000000659300000, 0x0000000743300000)
  object space 257024K, 4% used [0x0000000649800000,0x000000064a416ab0,0x0000000659300000)
 Metaspace       used 20658K, capacity 21190K, committed 21296K, reserved 1067008K
  class space    used 2707K, capacity 2854K, committed 2864K, reserved 1048576K
}
Event: 0.962 GC heap before
{Heap before GC invocations=3 (full 1):
 PSYoungGen      total 208384K, used 15392K [0x0000000743300000, 0x0000000750e00000, 0x00000007c0000000)
  eden space 192512K, 0% used [0x0000000743300000,0x0000000743300000,0x000000074ef00000)
  from space 15872K, 96% used [0x000000074fe80000,0x0000000750d88190,0x0000000750e00000)
  to   space 15872K, 0% used [0x000000074ef00000,0x000000074ef00000,0x000000074fe80000)
 ParOldGen       total 257024K, used 12378K [0x0000000649800000, 0x0000000659300000, 0x0000000743300000)
  object space 257024K, 4% used [0x0000000649800000,0x000000064a416ab0,0x0000000659300000)
 Metaspace       used 20658K, capacity 21190K, committed 21296K, reserved 1067008K
  class space    used 2707K, capacity 2854K, committed 2864K, reserved 1048576K
Event: 0.987 GC heap after
Heap after GC invocations=3 (full 1):
 PSYoungGen      total 208384K, used 0K [0x0000000743300000, 0x0000000750e00000, 0x00000007c0000000)
  eden space 192512K, 0% used [0x0000000743300000,0x0000000743300000,0x000000074ef00000)
  from space 15872K, 0% used [0x000000074fe80000,0x000000074fe80000,0x0000000750e00000)
  to   space 15872K, 0% used [0x000000074ef00000,0x000000074ef00000,0x000000074fe80000)
 ParOldGen       total 185856K, used 25379K [0x0000000649800000, 0x0000000654d80000, 0x0000000743300000)
  object space 185856K, 13% used [0x0000000649800000,0x000000064b0c8e68,0x0000000654d80000)
 Metaspace       used 20649K, capacity 21166K, committed 21296K, reserved 1067008K
  class space    used 2703K, capacity 2848K, committed 2864K, reserved 1048576K
}
Event: 1.844 GC heap before
{Heap before GC invocations=4 (full 1):
 PSYoungGen      total 208384K, used 192101K [0x0000000743300000, 0x0000000750e00000, 0x00000007c0000000)
  eden space 192512K, 99% used [0x0000000743300000,0x000000074ee99550,0x000000074ef00000)
  from space 15872K, 0% used [0x000000074fe80000,0x000000074fe80000,0x0000000750e00000)
  to   space 15872K, 0% used [0x000000074ef00000,0x000000074ef00000,0x000000074fe80000)
 ParOldGen       total 185856K, used 25379K [0x0000000649800000, 0x0000000654d80000, 0x0000000743300000)
  object space 185856K, 13% used [0x0000000649800000,0x000000064b0c8e68,0x0000000654d80000)
 Metaspace       used 34375K, capacity 35052K, committed 35376K, reserved 1079296K
  class space    used 5381K, capacity 5596K, committed 5680K, reserved 1048576K
Event: 1.851 GC heap after
Heap after GC invocations=4 (full 1):
 PSYoungGen      total 208384K, used 15570K [0x0000000743300000, 0x0000000755b00000, 0x00000007c0000000)
  eden space 192512K, 0% used [0x0000000743300000,0x0000000743300000,0x000000074ef00000)
  from space 15872K, 98% used [0x000000074ef00000,0x000000074fe34960,0x000000074fe80000)
  to   space 15872K, 0% used [0x0000000754b80000,0x0000000754b80000,0x0000000755b00000)
 ParOldGen       total 185856K, used 25387K [0x0000000649800000, 0x0000000654d80000, 0x0000000743300000)
  object space 185856K, 13% used [0x0000000649800000,0x000000064b0cae68,0x0000000654d80000)
 Metaspace       used 34375K, capacity 35052K, committed 35376K, reserved 1079296K
  class space    used 5381K, capacity 5596K, committed 5680K, reserved 1048576K
}
Event: 1.921 GC heap before
{Heap before GC invocations=5 (full 1):
 PSYoungGen      total 208384K, used 34222K [0x0000000743300000, 0x0000000755b00000, 0x00000007c0000000)
  eden space 192512K, 9% used [0x0000000743300000,0x0000000744537298,0x000000074ef00000)
  from space 15872K, 98% used [0x000000074ef00000,0x000000074fe34960,0x000000074fe80000)
  to   space 15872K, 0% used [0x0000000754b80000,0x0000000754b80000,0x0000000755b00000)
 ParOldGen       total 185856K, used 25387K [0x0000000649800000, 0x0000000654d80000, 0x0000000743300000)
  object space 185856K, 13% used [0x0000000649800000,0x000000064b0cae68,0x0000000654d80000)
 Metaspace       used 34667K, capacity 35276K, committed 35496K, reserved 1079296K
  class space    used 5394K, capacity 5628K, committed 5680K, reserved 1048576K
Event: 1.927 GC heap after
Heap after GC invocations=5 (full 1):
 PSYoungGen      total 287232K, used 15856K [0x0000000743300000, 0x0000000757800000, 0x00000007c0000000)
  eden space 271360K, 0% used [0x0000000743300000,0x0000000743300000,0x0000000753c00000)
  from space 15872K, 99% used [0x0000000754b80000,0x0000000755afc1f0,0x0000000755b00000)
  to   space 15872K, 0% used [0x0000000753c00000,0x0000000753c00000,0x0000000754b80000)
 ParOldGen       total 185856K, used 26404K [0x0000000649800000, 0x0000000654d80000, 0x0000000743300000)
  object space 185856K, 14% used [0x0000000649800000,0x000000064b1c9148,0x0000000654d80000)
 Metaspace       used 34667K, capacity 35276K, committed 35496K, reserved 1079296K
  class space    used 5394K, capacity 5628K, committed 5680K, reserved 1048576K
}
Event: 1.927 GC heap before
{Heap before GC invocations=6 (full 2):
 PSYoungGen      total 287232K, used 15856K [0x0000000743300000, 0x0000000757800000, 0x00000007c0000000)
  eden space 271360K, 0% used [0x0000000743300000,0x0000000743300000,0x0000000753c00000)
  from space 15872K, 99% used [0x0000000754b80000,0x0000000755afc1f0,0x0000000755b00000)
  to   space 15872K, 0% used [0x0000000753c00000,0x0000000753c00000,0x0000000754b80000)
 ParOldGen       total 185856K, used 26404K [0x0000000649800000, 0x0000000654d80000, 0x0000000743300000)
  object space 185856K, 14% used [0x0000000649800000,0x000000064b1c9148,0x0000000654d80000)
 Metaspace       used 34667K, capacity 35276K, committed 35496K, reserved 1079296K
  class space    used 5394K, capacity 5628K, committed 5680K, reserved 1048576K
Event: 1.953 GC heap after
Heap after GC invocations=6 (full 2):
 PSYoungGen      total 287232K, used 0K [0x0000000743300000, 0x0000000757800000, 0x00000007c0000000)
  eden space 271360K, 0% used [0x0000000743300000,0x0000000743300000,0x0000000753c00000)
  from space 15872K, 0% used [0x0000000754b80000,0x0000000754b80000,0x0000000755b00000)
  to   space 15872K, 0% used [0x0000000753c00000,0x0000000753c00000,0x0000000754b80000)
 ParOldGen       total 265728K, used 40197K [0x0000000649800000, 0x0000000659b80000, 0x0000000743300000)
  object space 265728K, 15% used [0x0000000649800000,0x000000064bf41568,0x0000000659b80000)
 Metaspace       used 34667K, capacity 35276K, committed 35496K, reserved 1079296K
  class space    used 5394K, capacity 5628K, committed 5680K, reserved 1048576K
}

